{
  "RSpec": {
    "coverage": {
      "/Users/alexmac/Documents/turing/mod_4/take_home/tea_services/app/models/customer.rb": {
        "lines": [
          1,
          1,
          null
        ]
      },
      "/Users/alexmac/Documents/turing/mod_4/take_home/tea_services/app/models/application_record.rb": {
        "lines": [
          1,
          1,
          null
        ]
      },
      "/Users/alexmac/Documents/turing/mod_4/take_home/tea_services/spec/models/tea_spec.rb": {
        "lines": [
          1,
          null,
          1,
          1,
          2,
          null,
          null
        ]
      },
      "/Users/alexmac/Documents/turing/mod_4/take_home/tea_services/app/models/tea.rb": {
        "lines": [
          1,
          1,
          null
        ]
      },
      "/Users/alexmac/Documents/turing/mod_4/take_home/tea_services/spec/models/tea_subscription_spec.rb": {
        "lines": [
          1,
          null,
          1,
          1,
          2,
          2,
          null,
          null
        ]
      },
      "/Users/alexmac/Documents/turing/mod_4/take_home/tea_services/app/models/tea_subscription.rb": {
        "lines": [
          1,
          1,
          1,
          null
        ]
      },
      "/Users/alexmac/Documents/turing/mod_4/take_home/tea_services/spec/requests/customers_spec.rb": {
        "lines": [
          1,
          null,
          1,
          1,
          1,
          null,
          null,
          null
        ]
      },
      "/Users/alexmac/Documents/turing/mod_4/take_home/tea_services/spec/requests/tea_subscriptions_spec.rb": {
        "lines": [
          1,
          null,
          1,
          1,
          1,
          null,
          null
        ]
      },
      "/Users/alexmac/Documents/turing/mod_4/take_home/tea_services/spec/requests/teas_spec.rb": {
        "lines": [
          1,
          null,
          1,
          1,
          1,
          null,
          null
        ]
      },
      "/Users/alexmac/Documents/turing/mod_4/take_home/tea_services/spec/services/tea_service_spec.rb": {
        "lines": [
          1,
          null,
          1,
          1,
          2,
          1,
          1,
          1,
          1,
          12,
          12,
          12,
          12,
          12,
          null,
          null,
          null,
          null,
          null
        ]
      },
      "/Users/alexmac/Documents/turing/mod_4/take_home/tea_services/app/services/tea_service.rb": {
        "lines": [
          1,
          1,
          1,
          null,
          null,
          null,
          null,
          null,
          null,
          null,
          null,
          null,
          1,
          1,
          1,
          null,
          null
        ]
      }
    },
    "timestamp": 1635898933
  }
}
